  caffe.pb.cc
C:\Users\HX\.caffe\dependencies\libraries_v140_x64_py35_1.1.0\libraries\include\google/protobuf/message_lite.h(247): warning C4267: “return”: 从“size_t”转换到“int”，可能丢失数据
C:\Users\HX\.caffe\dependencies\libraries_v140_x64_py35_1.1.0\libraries\include\google/protobuf/wire_format_lite_inl.h(865): warning C4267: “参数”: 从“size_t”转换到“google::protobuf::uint32”，可能丢失数据
E:\code\person_pose_estimation\caffe_rtpose-master\caffe_rtpose-master\build_3\include\caffe\proto\caffe.pb.cc(2636): warning C4267: “参数”: 从“size_t”转换到“google::protobuf::int32”，可能丢失数据
E:\code\person_pose_estimation\caffe_rtpose-master\caffe_rtpose-master\build_3\include\caffe\proto\caffe.pb.cc(3277): warning C4267: “参数”: 从“size_t”转换到“google::protobuf::int32”，可能丢失数据
E:\code\person_pose_estimation\caffe_rtpose-master\caffe_rtpose-master\build_3\include\caffe\proto\caffe.pb.cc(3293): warning C4267: “参数”: 从“size_t”转换到“google::protobuf::int32”，可能丢失数据
E:\code\person_pose_estimation\caffe_rtpose-master\caffe_rtpose-master\build_3\include\caffe\proto\caffe.pb.cc(3309): warning C4267: “参数”: 从“size_t”转换到“google::protobuf::int32”，可能丢失数据
E:\code\person_pose_estimation\caffe_rtpose-master\caffe_rtpose-master\build_3\include\caffe\proto\caffe.pb.cc(3325): warning C4267: “参数”: 从“size_t”转换到“google::protobuf::int32”，可能丢失数据
E:\code\person_pose_estimation\caffe_rtpose-master\caffe_rtpose-master\build_3\include\caffe\proto\caffe.pb.cc(4878): warning C4267: “参数”: 从“size_t”转换到“int”，可能丢失数据
E:\code\person_pose_estimation\caffe_rtpose-master\caffe_rtpose-master\build_3\include\caffe\proto\caffe.pb.cc(5026): warning C4267: “参数”: 从“size_t”转换到“int”，可能丢失数据
E:\code\person_pose_estimation\caffe_rtpose-master\caffe_rtpose-master\build_3\include\caffe\proto\caffe.pb.cc(5083): warning C4267: “参数”: 从“size_t”转换到“int”，可能丢失数据
E:\code\person_pose_estimation\caffe_rtpose-master\caffe_rtpose-master\build_3\include\caffe\proto\caffe.pb.cc(5670): warning C4267: “参数”: 从“size_t”转换到“int”，可能丢失数据
E:\code\person_pose_estimation\caffe_rtpose-master\caffe_rtpose-master\build_3\include\caffe\proto\caffe.pb.cc(5705): warning C4267: “参数”: 从“size_t”转换到“int”，可能丢失数据
E:\code\person_pose_estimation\caffe_rtpose-master\caffe_rtpose-master\build_3\include\caffe\proto\caffe.pb.cc(5839): warning C4267: “参数”: 从“size_t”转换到“int”，可能丢失数据
E:\code\person_pose_estimation\caffe_rtpose-master\caffe_rtpose-master\build_3\include\caffe\proto\caffe.pb.cc(5855): warning C4267: “参数”: 从“size_t”转换到“int”，可能丢失数据
E:\code\person_pose_estimation\caffe_rtpose-master\caffe_rtpose-master\build_3\include\caffe\proto\caffe.pb.cc(5910): warning C4267: “参数”: 从“size_t”转换到“int”，可能丢失数据
E:\code\person_pose_estimation\caffe_rtpose-master\caffe_rtpose-master\build_3\include\caffe\proto\caffe.pb.cc(5928): warning C4267: “参数”: 从“size_t”转换到“int”，可能丢失数据
E:\code\person_pose_estimation\caffe_rtpose-master\caffe_rtpose-master\build_3\include\caffe\proto\caffe.pb.cc(6818): warning C4267: “参数”: 从“size_t”转换到“int”，可能丢失数据
E:\code\person_pose_estimation\caffe_rtpose-master\caffe_rtpose-master\build_3\include\caffe\proto\caffe.pb.cc(6836): warning C4267: “参数”: 从“size_t”转换到“int”，可能丢失数据
E:\code\person_pose_estimation\caffe_rtpose-master\caffe_rtpose-master\build_3\include\caffe\proto\caffe.pb.cc(6933): warning C4267: “参数”: 从“size_t”转换到“int”，可能丢失数据
E:\code\person_pose_estimation\caffe_rtpose-master\caffe_rtpose-master\build_3\include\caffe\proto\caffe.pb.cc(7040): warning C4267: “参数”: 从“size_t”转换到“int”，可能丢失数据
E:\code\person_pose_estimation\caffe_rtpose-master\caffe_rtpose-master\build_3\include\caffe\proto\caffe.pb.cc(7182): warning C4267: “参数”: 从“size_t”转换到“int”，可能丢失数据
E:\code\person_pose_estimation\caffe_rtpose-master\caffe_rtpose-master\build_3\include\caffe\proto\caffe.pb.cc(7257): warning C4267: “参数”: 从“size_t”转换到“int”，可能丢失数据
E:\code\person_pose_estimation\caffe_rtpose-master\caffe_rtpose-master\build_3\include\caffe\proto\caffe.pb.cc(7438): warning C4267: “参数”: 从“size_t”转换到“int”，可能丢失数据
E:\code\person_pose_estimation\caffe_rtpose-master\caffe_rtpose-master\build_3\include\caffe\proto\caffe.pb.cc(7476): warning C4267: “参数”: 从“size_t”转换到“int”，可能丢失数据
E:\code\person_pose_estimation\caffe_rtpose-master\caffe_rtpose-master\build_3\include\caffe\proto\caffe.pb.cc(7486): warning C4267: “参数”: 从“size_t”转换到“int”，可能丢失数据
E:\code\person_pose_estimation\caffe_rtpose-master\caffe_rtpose-master\build_3\include\caffe\proto\caffe.pb.cc(7522): warning C4267: “参数”: 从“size_t”转换到“int”，可能丢失数据
E:\code\person_pose_estimation\caffe_rtpose-master\caffe_rtpose-master\build_3\include\caffe\proto\caffe.pb.cc(7562): warning C4267: “参数”: 从“size_t”转换到“int”，可能丢失数据
E:\code\person_pose_estimation\caffe_rtpose-master\caffe_rtpose-master\build_3\include\caffe\proto\caffe.pb.cc(7615): warning C4267: “参数”: 从“size_t”转换到“int”，可能丢失数据
E:\code\person_pose_estimation\caffe_rtpose-master\caffe_rtpose-master\build_3\include\caffe\proto\caffe.pb.cc(7648): warning C4267: “参数”: 从“size_t”转换到“int”，可能丢失数据
E:\code\person_pose_estimation\caffe_rtpose-master\caffe_rtpose-master\build_3\include\caffe\proto\caffe.pb.cc(7711): warning C4267: “参数”: 从“size_t”转换到“int”，可能丢失数据
E:\code\person_pose_estimation\caffe_rtpose-master\caffe_rtpose-master\build_3\include\caffe\proto\caffe.pb.cc(7732): warning C4267: “参数”: 从“size_t”转换到“int”，可能丢失数据
E:\code\person_pose_estimation\caffe_rtpose-master\caffe_rtpose-master\build_3\include\caffe\proto\caffe.pb.cc(7743): warning C4267: “参数”: 从“size_t”转换到“int”，可能丢失数据
E:\code\person_pose_estimation\caffe_rtpose-master\caffe_rtpose-master\build_3\include\caffe\proto\caffe.pb.cc(7779): warning C4267: “参数”: 从“size_t”转换到“int”，可能丢失数据
E:\code\person_pose_estimation\caffe_rtpose-master\caffe_rtpose-master\build_3\include\caffe\proto\caffe.pb.cc(7820): warning C4267: “参数”: 从“size_t”转换到“int”，可能丢失数据
E:\code\person_pose_estimation\caffe_rtpose-master\caffe_rtpose-master\build_3\include\caffe\proto\caffe.pb.cc(7876): warning C4267: “参数”: 从“size_t”转换到“int”，可能丢失数据
E:\code\person_pose_estimation\caffe_rtpose-master\caffe_rtpose-master\build_3\include\caffe\proto\caffe.pb.cc(7913): warning C4267: “参数”: 从“size_t”转换到“int”，可能丢失数据
E:\code\person_pose_estimation\caffe_rtpose-master\caffe_rtpose-master\build_3\include\caffe\proto\caffe.pb.cc(7977): warning C4267: “参数”: 从“size_t”转换到“int”，可能丢失数据
E:\code\person_pose_estimation\caffe_rtpose-master\caffe_rtpose-master\build_3\include\caffe\proto\caffe.pb.cc(9928): warning C4267: “参数”: 从“size_t”转换到“int”，可能丢失数据
E:\code\person_pose_estimation\caffe_rtpose-master\caffe_rtpose-master\build_3\include\caffe\proto\caffe.pb.cc(10003): warning C4267: “参数”: 从“size_t”转换到“int”，可能丢失数据
E:\code\person_pose_estimation\caffe_rtpose-master\caffe_rtpose-master\build_3\include\caffe\proto\caffe.pb.cc(10040): warning C4267: “参数”: 从“size_t”转换到“int”，可能丢失数据
E:\code\person_pose_estimation\caffe_rtpose-master\caffe_rtpose-master\build_3\include\caffe\proto\caffe.pb.cc(10474): warning C4267: “参数”: 从“size_t”转换到“int”，可能丢失数据
E:\code\person_pose_estimation\caffe_rtpose-master\caffe_rtpose-master\build_3\include\caffe\proto\caffe.pb.cc(10524): warning C4267: “参数”: 从“size_t”转换到“int”，可能丢失数据
E:\code\person_pose_estimation\caffe_rtpose-master\caffe_rtpose-master\build_3\include\caffe\proto\caffe.pb.cc(10556): warning C4267: “参数”: 从“size_t”转换到“int”，可能丢失数据
E:\code\person_pose_estimation\caffe_rtpose-master\caffe_rtpose-master\build_3\include\caffe\proto\caffe.pb.cc(10968): warning C4267: “参数”: 从“size_t”转换到“int”，可能丢失数据
E:\code\person_pose_estimation\caffe_rtpose-master\caffe_rtpose-master\build_3\include\caffe\proto\caffe.pb.cc(10987): warning C4267: “参数”: 从“size_t”转换到“int”，可能丢失数据
E:\code\person_pose_estimation\caffe_rtpose-master\caffe_rtpose-master\build_3\include\caffe\proto\caffe.pb.cc(11042): warning C4267: “参数”: 从“size_t”转换到“int”，可能丢失数据
E:\code\person_pose_estimation\caffe_rtpose-master\caffe_rtpose-master\build_3\include\caffe\proto\caffe.pb.cc(11052): warning C4267: “参数”: 从“size_t”转换到“int”，可能丢失数据
E:\code\person_pose_estimation\caffe_rtpose-master\caffe_rtpose-master\build_3\include\caffe\proto\caffe.pb.cc(11089): warning C4267: “参数”: 从“size_t”转换到“int”，可能丢失数据
E:\code\person_pose_estimation\caffe_rtpose-master\caffe_rtpose-master\build_3\include\caffe\proto\caffe.pb.cc(11099): warning C4267: “参数”: 从“size_t”转换到“int”，可能丢失数据
E:\code\person_pose_estimation\caffe_rtpose-master\caffe_rtpose-master\build_3\include\caffe\proto\caffe.pb.cc(11568): warning C4267: “参数”: 从“size_t”转换到“int”，可能丢失数据
E:\code\person_pose_estimation\caffe_rtpose-master\caffe_rtpose-master\build_3\include\caffe\proto\caffe.pb.cc(11656): warning C4267: “参数”: 从“size_t”转换到“int”，可能丢失数据
E:\code\person_pose_estimation\caffe_rtpose-master\caffe_rtpose-master\build_3\include\caffe\proto\caffe.pb.cc(11693): warning C4267: “参数”: 从“size_t”转换到“int”，可能丢失数据
E:\code\person_pose_estimation\caffe_rtpose-master\caffe_rtpose-master\build_3\include\caffe\proto\caffe.pb.cc(12514): warning C4267: “参数”: 从“size_t”转换到“int”，可能丢失数据
E:\code\person_pose_estimation\caffe_rtpose-master\caffe_rtpose-master\build_3\include\caffe\proto\caffe.pb.cc(12531): warning C4267: “参数”: 从“size_t”转换到“int”，可能丢失数据
E:\code\person_pose_estimation\caffe_rtpose-master\caffe_rtpose-master\build_3\include\caffe\proto\caffe.pb.cc(12549): warning C4267: “参数”: 从“size_t”转换到“int”，可能丢失数据
E:\code\person_pose_estimation\caffe_rtpose-master\caffe_rtpose-master\build_3\include\caffe\proto\caffe.pb.cc(12568): warning C4267: “参数”: 从“size_t”转换到“int”，可能丢失数据
E:\code\person_pose_estimation\caffe_rtpose-master\caffe_rtpose-master\build_3\include\caffe\proto\caffe.pb.cc(13367): warning C4267: “参数”: 从“size_t”转换到“int”，可能丢失数据
E:\code\person_pose_estimation\caffe_rtpose-master\caffe_rtpose-master\build_3\include\caffe\proto\caffe.pb.cc(13377): warning C4267: “参数”: 从“size_t”转换到“int”，可能丢失数据
E:\code\person_pose_estimation\caffe_rtpose-master\caffe_rtpose-master\build_3\include\caffe\proto\caffe.pb.cc(13387): warning C4267: “参数”: 从“size_t”转换到“int”，可能丢失数据
E:\code\person_pose_estimation\caffe_rtpose-master\caffe_rtpose-master\build_3\include\caffe\proto\caffe.pb.cc(13397): warning C4267: “参数”: 从“size_t”转换到“int”，可能丢失数据
E:\code\person_pose_estimation\caffe_rtpose-master\caffe_rtpose-master\build_3\include\caffe\proto\caffe.pb.cc(13754): warning C4267: “参数”: 从“size_t”转换到“int”，可能丢失数据
E:\code\person_pose_estimation\caffe_rtpose-master\caffe_rtpose-master\build_3\include\caffe\proto\caffe.pb.cc(13765): warning C4267: “参数”: 从“size_t”转换到“int”，可能丢失数据
E:\code\person_pose_estimation\caffe_rtpose-master\caffe_rtpose-master\build_3\include\caffe\proto\caffe.pb.cc(13776): warning C4267: “参数”: 从“size_t”转换到“int”，可能丢失数据
E:\code\person_pose_estimation\caffe_rtpose-master\caffe_rtpose-master\build_3\include\caffe\proto\caffe.pb.cc(13786): warning C4267: “参数”: 从“size_t”转换到“int”，可能丢失数据
E:\code\person_pose_estimation\caffe_rtpose-master\caffe_rtpose-master\build_3\include\caffe\proto\caffe.pb.cc(17886): warning C4267: “参数”: 从“size_t”转换到“int”，可能丢失数据
E:\code\person_pose_estimation\caffe_rtpose-master\caffe_rtpose-master\build_3\include\caffe\proto\caffe.pb.cc(17997): warning C4267: “参数”: 从“size_t”转换到“int”，可能丢失数据
E:\code\person_pose_estimation\caffe_rtpose-master\caffe_rtpose-master\build_3\include\caffe\proto\caffe.pb.cc(18149): warning C4267: “参数”: 从“size_t”转换到“int”，可能丢失数据
E:\code\person_pose_estimation\caffe_rtpose-master\caffe_rtpose-master\build_3\include\caffe\proto\caffe.pb.cc(18331): warning C4267: “参数”: 从“size_t”转换到“int”，可能丢失数据
E:\code\person_pose_estimation\caffe_rtpose-master\caffe_rtpose-master\build_3\include\caffe\proto\caffe.pb.cc(18429): warning C4267: “参数”: 从“size_t”转换到“int”，可能丢失数据
E:\code\person_pose_estimation\caffe_rtpose-master\caffe_rtpose-master\build_3\include\caffe\proto\caffe.pb.cc(18470): warning C4267: “参数”: 从“size_t”转换到“int”，可能丢失数据
E:\code\person_pose_estimation\caffe_rtpose-master\caffe_rtpose-master\build_3\include\caffe\proto\caffe.pb.cc(18525): warning C4267: “参数”: 从“size_t”转换到“int”，可能丢失数据
E:\code\person_pose_estimation\caffe_rtpose-master\caffe_rtpose-master\build_3\include\caffe\proto\caffe.pb.cc(18590): warning C4267: “参数”: 从“size_t”转换到“int”，可能丢失数据
E:\code\person_pose_estimation\caffe_rtpose-master\caffe_rtpose-master\build_3\include\caffe\proto\caffe.pb.cc(18641): warning C4267: “参数”: 从“size_t”转换到“int”，可能丢失数据
E:\code\person_pose_estimation\caffe_rtpose-master\caffe_rtpose-master\build_3\include\caffe\proto\caffe.pb.cc(18683): warning C4267: “参数”: 从“size_t”转换到“int”，可能丢失数据
E:\code\person_pose_estimation\caffe_rtpose-master\caffe_rtpose-master\build_3\include\caffe\proto\caffe.pb.cc(18739): warning C4267: “参数”: 从“size_t”转换到“int”，可能丢失数据
E:\code\person_pose_estimation\caffe_rtpose-master\caffe_rtpose-master\build_3\include\caffe\proto\caffe.pb.cc(18805): warning C4267: “参数”: 从“size_t”转换到“int”，可能丢失数据
E:\code\person_pose_estimation\caffe_rtpose-master\caffe_rtpose-master\build_3\include\caffe\proto\caffe.pb.cc(25150): warning C4267: “参数”: 从“size_t”转换到“int”，可能丢失数据
E:\code\person_pose_estimation\caffe_rtpose-master\caffe_rtpose-master\build_3\include\caffe\proto\caffe.pb.cc(25182): warning C4267: “参数”: 从“size_t”转换到“int”，可能丢失数据
E:\code\person_pose_estimation\caffe_rtpose-master\caffe_rtpose-master\build_3\include\caffe\proto\caffe.pb.cc(25330): warning C4267: “参数”: 从“size_t”转换到“int”，可能丢失数据
E:\code\person_pose_estimation\caffe_rtpose-master\caffe_rtpose-master\build_3\include\caffe\proto\caffe.pb.cc(25345): warning C4267: “参数”: 从“size_t”转换到“int”，可能丢失数据
E:\code\person_pose_estimation\caffe_rtpose-master\caffe_rtpose-master\build_3\include\caffe\proto\caffe.pb.cc(25402): warning C4267: “参数”: 从“size_t”转换到“int”，可能丢失数据
E:\code\person_pose_estimation\caffe_rtpose-master\caffe_rtpose-master\build_3\include\caffe\proto\caffe.pb.cc(25418): warning C4267: “参数”: 从“size_t”转换到“int”，可能丢失数据
E:\code\person_pose_estimation\caffe_rtpose-master\caffe_rtpose-master\build_3\include\caffe\proto\caffe.pb.cc(29130): warning C4267: “参数”: 从“size_t”转换到“int”，可能丢失数据
E:\code\person_pose_estimation\caffe_rtpose-master\caffe_rtpose-master\build_3\include\caffe\proto\caffe.pb.cc(29198): warning C4267: “参数”: 从“size_t”转换到“int”，可能丢失数据
E:\code\person_pose_estimation\caffe_rtpose-master\caffe_rtpose-master\build_3\include\caffe\proto\caffe.pb.cc(29229): warning C4267: “参数”: 从“size_t”转换到“int”，可能丢失数据
E:\code\person_pose_estimation\caffe_rtpose-master\caffe_rtpose-master\build_3\include\caffe\proto\caffe.pb.cc(29576): warning C4267: “参数”: 从“size_t”转换到“int”，可能丢失数据
E:\code\person_pose_estimation\caffe_rtpose-master\caffe_rtpose-master\build_3\include\caffe\proto\caffe.pb.cc(29614): warning C4267: “参数”: 从“size_t”转换到“int”，可能丢失数据
E:\code\person_pose_estimation\caffe_rtpose-master\caffe_rtpose-master\build_3\include\caffe\proto\caffe.pb.cc(29635): warning C4267: “参数”: 从“size_t”转换到“int”，可能丢失数据
E:\code\person_pose_estimation\caffe_rtpose-master\caffe_rtpose-master\build_3\include\caffe\proto\caffe.pb.cc(30264): warning C4267: “参数”: 从“size_t”转换到“int”，可能丢失数据
E:\code\person_pose_estimation\caffe_rtpose-master\caffe_rtpose-master\build_3\include\caffe\proto\caffe.pb.cc(30296): warning C4267: “参数”: 从“size_t”转换到“int”，可能丢失数据
E:\code\person_pose_estimation\caffe_rtpose-master\caffe_rtpose-master\build_3\include\caffe\proto\caffe.pb.cc(30433): warning C4267: “参数”: 从“size_t”转换到“int”，可能丢失数据
E:\code\person_pose_estimation\caffe_rtpose-master\caffe_rtpose-master\build_3\include\caffe\proto\caffe.pb.cc(30471): warning C4267: “参数”: 从“size_t”转换到“int”，可能丢失数据
E:\code\person_pose_estimation\caffe_rtpose-master\caffe_rtpose-master\build_3\include\caffe\proto\caffe.pb.cc(30486): warning C4267: “参数”: 从“size_t”转换到“int”，可能丢失数据
E:\code\person_pose_estimation\caffe_rtpose-master\caffe_rtpose-master\build_3\include\caffe\proto\caffe.pb.cc(30536): warning C4267: “参数”: 从“size_t”转换到“int”，可能丢失数据
E:\code\person_pose_estimation\caffe_rtpose-master\caffe_rtpose-master\build_3\include\caffe\proto\caffe.pb.cc(30557): warning C4267: “参数”: 从“size_t”转换到“int”，可能丢失数据
E:\code\person_pose_estimation\caffe_rtpose-master\caffe_rtpose-master\build_3\include\caffe\proto\caffe.pb.cc(30573): warning C4267: “参数”: 从“size_t”转换到“int”，可能丢失数据
E:\code\person_pose_estimation\caffe_rtpose-master\caffe_rtpose-master\build_3\include\caffe\proto\caffe.pb.cc(30624): warning C4267: “参数”: 从“size_t”转换到“int”，可能丢失数据
E:\code\person_pose_estimation\caffe_rtpose-master\caffe_rtpose-master\build_3\include\caffe\proto\caffe.pb.cc(31336): warning C4267: “参数”: 从“size_t”转换到“int”，可能丢失数据
E:\code\person_pose_estimation\caffe_rtpose-master\caffe_rtpose-master\build_3\include\caffe\proto\caffe.pb.cc(31374): warning C4267: “参数”: 从“size_t”转换到“int”，可能丢失数据
E:\code\person_pose_estimation\caffe_rtpose-master\caffe_rtpose-master\build_3\include\caffe\proto\caffe.pb.cc(31395): warning C4267: “参数”: 从“size_t”转换到“int”，可能丢失数据
E:\code\person_pose_estimation\caffe_rtpose-master\caffe_rtpose-master\build_3\include\caffe\proto\caffe.pb.cc(36348): warning C4267: “参数”: 从“size_t”转换到“int”，可能丢失数据
E:\code\person_pose_estimation\caffe_rtpose-master\caffe_rtpose-master\build_3\include\caffe\proto\caffe.pb.cc(36365): warning C4267: “参数”: 从“size_t”转换到“int”，可能丢失数据
E:\code\person_pose_estimation\caffe_rtpose-master\caffe_rtpose-master\build_3\include\caffe\proto\caffe.pb.cc(36382): warning C4267: “参数”: 从“size_t”转换到“int”，可能丢失数据
E:\code\person_pose_estimation\caffe_rtpose-master\caffe_rtpose-master\build_3\include\caffe\proto\caffe.pb.cc(36435): warning C4267: “参数”: 从“size_t”转换到“int”，可能丢失数据
E:\code\person_pose_estimation\caffe_rtpose-master\caffe_rtpose-master\build_3\include\caffe\proto\caffe.pb.cc(36445): warning C4267: “参数”: 从“size_t”转换到“int”，可能丢失数据
E:\code\person_pose_estimation\caffe_rtpose-master\caffe_rtpose-master\build_3\include\caffe\proto\caffe.pb.cc(36455): warning C4267: “参数”: 从“size_t”转换到“int”，可能丢失数据
E:\code\person_pose_estimation\caffe_rtpose-master\caffe_rtpose-master\build_3\include\caffe\proto\caffe.pb.cc(36481): warning C4267: “参数”: 从“size_t”转换到“int”，可能丢失数据
E:\code\person_pose_estimation\caffe_rtpose-master\caffe_rtpose-master\build_3\include\caffe\proto\caffe.pb.cc(36492): warning C4267: “参数”: 从“size_t”转换到“int”，可能丢失数据
E:\code\person_pose_estimation\caffe_rtpose-master\caffe_rtpose-master\build_3\include\caffe\proto\caffe.pb.cc(36503): warning C4267: “参数”: 从“size_t”转换到“int”，可能丢失数据
E:\code\person_pose_estimation\caffe_rtpose-master\caffe_rtpose-master\build_3\include\caffe\proto\caffe.pb.cc(41508): warning C4267: “参数”: 从“size_t”转换到“int”，可能丢失数据
E:\code\person_pose_estimation\caffe_rtpose-master\caffe_rtpose-master\build_3\include\caffe\proto\caffe.pb.cc(41540): warning C4267: “参数”: 从“size_t”转换到“int”，可能丢失数据
E:\code\person_pose_estimation\caffe_rtpose-master\caffe_rtpose-master\build_3\include\caffe\proto\caffe.pb.cc(41662): warning C4267: “参数”: 从“size_t”转换到“int”，可能丢失数据
E:\code\person_pose_estimation\caffe_rtpose-master\caffe_rtpose-master\build_3\include\caffe\proto\caffe.pb.cc(41694): warning C4267: “参数”: 从“size_t”转换到“int”，可能丢失数据
E:\code\person_pose_estimation\caffe_rtpose-master\caffe_rtpose-master\build_3\include\caffe\proto\caffe.pb.cc(41732): warning C4267: “参数”: 从“size_t”转换到“int”，可能丢失数据
E:\code\person_pose_estimation\caffe_rtpose-master\caffe_rtpose-master\build_3\include\caffe\proto\caffe.pb.cc(41747): warning C4267: “参数”: 从“size_t”转换到“int”，可能丢失数据
E:\code\person_pose_estimation\caffe_rtpose-master\caffe_rtpose-master\build_3\include\caffe\proto\caffe.pb.cc(41792): warning C4267: “参数”: 从“size_t”转换到“int”，可能丢失数据
E:\code\person_pose_estimation\caffe_rtpose-master\caffe_rtpose-master\build_3\include\caffe\proto\caffe.pb.cc(41807): warning C4267: “参数”: 从“size_t”转换到“int”，可能丢失数据
E:\code\person_pose_estimation\caffe_rtpose-master\caffe_rtpose-master\build_3\include\caffe\proto\caffe.pb.cc(41828): warning C4267: “参数”: 从“size_t”转换到“int”，可能丢失数据
E:\code\person_pose_estimation\caffe_rtpose-master\caffe_rtpose-master\build_3\include\caffe\proto\caffe.pb.cc(41844): warning C4267: “参数”: 从“size_t”转换到“int”，可能丢失数据
E:\code\person_pose_estimation\caffe_rtpose-master\caffe_rtpose-master\build_3\include\caffe\proto\caffe.pb.cc(41890): warning C4267: “参数”: 从“size_t”转换到“int”，可能丢失数据
E:\code\person_pose_estimation\caffe_rtpose-master\caffe_rtpose-master\build_3\include\caffe\proto\caffe.pb.cc(41906): warning C4267: “参数”: 从“size_t”转换到“int”，可能丢失数据
E:\code\person_pose_estimation\caffe_rtpose-master\caffe_rtpose-master\build_3\include\caffe\proto\caffe.pb.cc(43581): warning C4267: “参数”: 从“size_t”转换到“int”，可能丢失数据
E:\code\person_pose_estimation\caffe_rtpose-master\caffe_rtpose-master\build_3\include\caffe\proto\caffe.pb.cc(43600): warning C4267: “参数”: 从“size_t”转换到“int”，可能丢失数据
E:\code\person_pose_estimation\caffe_rtpose-master\caffe_rtpose-master\build_3\include\caffe\proto\caffe.pb.cc(43618): warning C4267: “参数”: 从“size_t”转换到“int”，可能丢失数据
E:\code\person_pose_estimation\caffe_rtpose-master\caffe_rtpose-master\build_3\include\caffe\proto\caffe.pb.cc(44153): warning C4267: “参数”: 从“size_t”转换到“int”，可能丢失数据
E:\code\person_pose_estimation\caffe_rtpose-master\caffe_rtpose-master\build_3\include\caffe\proto\caffe.pb.cc(44226): warning C4267: “参数”: 从“size_t”转换到“int”，可能丢失数据
E:\code\person_pose_estimation\caffe_rtpose-master\caffe_rtpose-master\build_3\include\caffe\proto\caffe.pb.cc(44236): warning C4267: “参数”: 从“size_t”转换到“int”，可能丢失数据
E:\code\person_pose_estimation\caffe_rtpose-master\caffe_rtpose-master\build_3\include\caffe\proto\caffe.pb.cc(44246): warning C4267: “参数”: 从“size_t”转换到“int”，可能丢失数据
E:\code\person_pose_estimation\caffe_rtpose-master\caffe_rtpose-master\build_3\include\caffe\proto\caffe.pb.cc(44478): warning C4267: “参数”: 从“size_t”转换到“int”，可能丢失数据
E:\code\person_pose_estimation\caffe_rtpose-master\caffe_rtpose-master\build_3\include\caffe\proto\caffe.pb.cc(44512): warning C4267: “参数”: 从“size_t”转换到“int”，可能丢失数据
E:\code\person_pose_estimation\caffe_rtpose-master\caffe_rtpose-master\build_3\include\caffe\proto\caffe.pb.cc(44522): warning C4267: “参数”: 从“size_t”转换到“int”，可能丢失数据
E:\code\person_pose_estimation\caffe_rtpose-master\caffe_rtpose-master\build_3\include\caffe\proto\caffe.pb.cc(44532): warning C4267: “参数”: 从“size_t”转换到“int”，可能丢失数据
E:\code\person_pose_estimation\caffe_rtpose-master\caffe_rtpose-master\build_3\include\caffe\proto\caffe.pb.cc(44798): warning C4267: “参数”: 从“size_t”转换到“int”，可能丢失数据
E:\code\person_pose_estimation\caffe_rtpose-master\caffe_rtpose-master\build_3\include\caffe\proto\caffe.pb.cc(47531): warning C4267: “参数”: 从“size_t”转换到“int”，可能丢失数据
E:\code\person_pose_estimation\caffe_rtpose-master\caffe_rtpose-master\build_3\include\caffe\proto\caffe.pb.cc(47548): warning C4267: “参数”: 从“size_t”转换到“int”，可能丢失数据
E:\code\person_pose_estimation\caffe_rtpose-master\caffe_rtpose-master\build_3\include\caffe\proto\caffe.pb.cc(47761): warning C4267: “参数”: 从“size_t”转换到“int”，可能丢失数据
E:\code\person_pose_estimation\caffe_rtpose-master\caffe_rtpose-master\build_3\include\caffe\proto\caffe.pb.cc(47793): warning C4267: “参数”: 从“size_t”转换到“int”，可能丢失数据
E:\code\person_pose_estimation\caffe_rtpose-master\caffe_rtpose-master\build_3\include\caffe\proto\caffe.pb.cc(48000): warning C4267: “参数”: 从“size_t”转换到“int”，可能丢失数据
E:\code\person_pose_estimation\caffe_rtpose-master\caffe_rtpose-master\build_3\include\caffe\proto\caffe.pb.cc(48141): warning C4267: “参数”: 从“size_t”转换到“int”，可能丢失数据
E:\code\person_pose_estimation\caffe_rtpose-master\caffe_rtpose-master\build_3\include\caffe\proto\caffe.pb.cc(48151): warning C4267: “参数”: 从“size_t”转换到“int”，可能丢失数据
E:\code\person_pose_estimation\caffe_rtpose-master\caffe_rtpose-master\build_3\include\caffe\proto\caffe.pb.cc(48229): warning C4267: “参数”: 从“size_t”转换到“int”，可能丢失数据
E:\code\person_pose_estimation\caffe_rtpose-master\caffe_rtpose-master\build_3\include\caffe\proto\caffe.pb.cc(48244): warning C4267: “参数”: 从“size_t”转换到“int”，可能丢失数据
E:\code\person_pose_estimation\caffe_rtpose-master\caffe_rtpose-master\build_3\include\caffe\proto\caffe.pb.cc(48317): warning C4267: “参数”: 从“size_t”转换到“int”，可能丢失数据
E:\code\person_pose_estimation\caffe_rtpose-master\caffe_rtpose-master\build_3\include\caffe\proto\caffe.pb.cc(48374): warning C4267: “参数”: 从“size_t”转换到“int”，可能丢失数据
E:\code\person_pose_estimation\caffe_rtpose-master\caffe_rtpose-master\build_3\include\caffe\proto\caffe.pb.cc(48385): warning C4267: “参数”: 从“size_t”转换到“int”，可能丢失数据
E:\code\person_pose_estimation\caffe_rtpose-master\caffe_rtpose-master\build_3\include\caffe\proto\caffe.pb.cc(48466): warning C4267: “参数”: 从“size_t”转换到“int”，可能丢失数据
E:\code\person_pose_estimation\caffe_rtpose-master\caffe_rtpose-master\build_3\include\caffe\proto\caffe.pb.cc(48482): warning C4267: “参数”: 从“size_t”转换到“int”，可能丢失数据
E:\code\person_pose_estimation\caffe_rtpose-master\caffe_rtpose-master\build_3\include\caffe\proto\caffe.pb.cc(48557): warning C4267: “参数”: 从“size_t”转换到“int”，可能丢失数据
  proto.vcxproj -> E:\code\person_pose_estimation\caffe_rtpose-master\caffe_rtpose-master\build_3\lib\Debug\proto-d.lib
