e:\code\person_pose_estimation\caffe_rtpose-master\caffe_rtpose-master\build_1\src\caffe\caffe.dir\release\contrastive_loss_layer.obj
e:\code\person_pose_estimation\caffe_rtpose-master\caffe_rtpose-master\build_1\src\caffe\caffe.dir\release\concat_layer.obj
e:\code\person_pose_estimation\caffe_rtpose-master\caffe_rtpose-master\build_1\src\caffe\caffe.dir\release\bnll_layer.obj
e:\code\person_pose_estimation\caffe_rtpose-master\caffe_rtpose-master\build_1\src\caffe\caffe.dir\release\bias_layer.obj
e:\code\person_pose_estimation\caffe_rtpose-master\caffe_rtpose-master\build_1\src\caffe\caffe.dir\release\batch_reindex_layer.obj
e:\code\person_pose_estimation\caffe_rtpose-master\caffe_rtpose-master\build_1\src\caffe\caffe.dir\release\batch_norm_layer.obj
e:\code\person_pose_estimation\caffe_rtpose-master\caffe_rtpose-master\build_1\src\caffe\caffe.dir\release\base_data_layer.obj
e:\code\person_pose_estimation\caffe_rtpose-master\caffe_rtpose-master\build_1\src\caffe\caffe.dir\release\base_conv_layer.obj
e:\code\person_pose_estimation\caffe_rtpose-master\caffe_rtpose-master\build_1\src\caffe\caffe.dir\release\argmax_layer.obj
e:\code\person_pose_estimation\caffe_rtpose-master\caffe_rtpose-master\build_1\src\caffe\caffe.dir\release\accuracy_layer.obj
e:\code\person_pose_estimation\caffe_rtpose-master\caffe_rtpose-master\build_1\src\caffe\caffe.dir\release\absval_layer.obj
e:\code\person_pose_estimation\caffe_rtpose-master\caffe_rtpose-master\build_1\src\caffe\caffe.dir\release\layer_factory.obj
e:\code\person_pose_estimation\caffe_rtpose-master\caffe_rtpose-master\build_1\src\caffe\caffe.dir\release\layer.obj
e:\code\person_pose_estimation\caffe_rtpose-master\caffe_rtpose-master\build_1\src\caffe\caffe.dir\release\internal_thread.obj
e:\code\person_pose_estimation\caffe_rtpose-master\caffe_rtpose-master\build_1\src\caffe\caffe.dir\release\data_transformer.obj
e:\code\person_pose_estimation\caffe_rtpose-master\caffe_rtpose-master\build_1\src\caffe\caffe.dir\release\data_reader.obj
e:\code\person_pose_estimation\caffe_rtpose-master\caffe_rtpose-master\build_1\src\caffe\caffe.dir\release\nms_layer.obj
e:\code\person_pose_estimation\caffe_rtpose-master\caffe_rtpose-master\build_1\src\caffe\caffe.dir\release\imresize_layer.obj
e:\code\person_pose_estimation\caffe_rtpose-master\caffe_rtpose-master\build_1\src\caffe\caffe.dir\release\common.obj
e:\code\person_pose_estimation\caffe_rtpose-master\caffe_rtpose-master\build_1\src\caffe\caffe.dir\release\blob.obj
e:\code\person_pose_estimation\caffe_rtpose-master\caffe_rtpose-master\build_1\src\caffe\caffe.dir\release\exp_layer.obj
e:\code\person_pose_estimation\caffe_rtpose-master\caffe_rtpose-master\build_1\src\caffe\caffe.dir\release\euclideanmask_loss_layer.obj
e:\code\person_pose_estimation\caffe_rtpose-master\caffe_rtpose-master\build_1\src\caffe\caffe.dir\release\euclidean_loss_layer.obj
e:\code\person_pose_estimation\caffe_rtpose-master\caffe_rtpose-master\build_1\src\caffe\caffe.dir\release\embed_layer.obj
e:\code\person_pose_estimation\caffe_rtpose-master\caffe_rtpose-master\build_1\src\caffe\caffe.dir\release\elu_layer.obj
e:\code\person_pose_estimation\caffe_rtpose-master\caffe_rtpose-master\build_1\src\caffe\caffe.dir\release\eltwise_layer.obj
e:\code\person_pose_estimation\caffe_rtpose-master\caffe_rtpose-master\build_1\src\caffe\caffe.dir\release\dummy_data_layer.obj
e:\code\person_pose_estimation\caffe_rtpose-master\caffe_rtpose-master\build_1\src\caffe\caffe.dir\release\dropout_layer.obj
e:\code\person_pose_estimation\caffe_rtpose-master\caffe_rtpose-master\build_1\src\caffe\caffe.dir\release\deconv_layer.obj
e:\code\person_pose_estimation\caffe_rtpose-master\caffe_rtpose-master\build_1\src\caffe\caffe.dir\release\data_layer.obj
e:\code\person_pose_estimation\caffe_rtpose-master\caffe_rtpose-master\build_1\src\caffe\caffe.dir\release\cudnn_tanh_layer.obj
e:\code\person_pose_estimation\caffe_rtpose-master\caffe_rtpose-master\build_1\src\caffe\caffe.dir\release\cudnn_softmax_layer.obj
e:\code\person_pose_estimation\caffe_rtpose-master\caffe_rtpose-master\build_1\src\caffe\caffe.dir\release\cudnn_sigmoid_layer.obj
e:\code\person_pose_estimation\caffe_rtpose-master\caffe_rtpose-master\build_1\src\caffe\caffe.dir\release\cudnn_relu_layer.obj
e:\code\person_pose_estimation\caffe_rtpose-master\caffe_rtpose-master\build_1\src\caffe\caffe.dir\release\cudnn_pooling_layer.obj
e:\code\person_pose_estimation\caffe_rtpose-master\caffe_rtpose-master\build_1\src\caffe\caffe.dir\release\cudnn_lrn_layer.obj
e:\code\person_pose_estimation\caffe_rtpose-master\caffe_rtpose-master\build_1\src\caffe\caffe.dir\release\cudnn_lcn_layer.obj
e:\code\person_pose_estimation\caffe_rtpose-master\caffe_rtpose-master\build_1\src\caffe\caffe.dir\release\cudnn_conv_layer.obj
e:\code\person_pose_estimation\caffe_rtpose-master\caffe_rtpose-master\build_1\src\caffe\caffe.dir\release\crop_layer.obj
e:\code\person_pose_estimation\caffe_rtpose-master\caffe_rtpose-master\build_1\src\caffe\caffe.dir\release\conv_layer.obj
e:\code\person_pose_estimation\caffe_rtpose-master\caffe_rtpose-master\build_1\src\caffe\caffe.dir\release\neuron_layer.obj
e:\code\person_pose_estimation\caffe_rtpose-master\caffe_rtpose-master\build_1\src\caffe\caffe.dir\release\mvn_layer.obj
e:\code\person_pose_estimation\caffe_rtpose-master\caffe_rtpose-master\build_1\src\caffe\caffe.dir\release\multinomial_logistic_loss_layer.obj
e:\code\person_pose_estimation\caffe_rtpose-master\caffe_rtpose-master\build_1\src\caffe\caffe.dir\release\memory_data_layer.obj
e:\code\person_pose_estimation\caffe_rtpose-master\caffe_rtpose-master\build_1\src\caffe\caffe.dir\release\maximum_layer.obj
e:\code\person_pose_estimation\caffe_rtpose-master\caffe_rtpose-master\build_1\src\caffe\caffe.dir\release\lstm_unit_layer.obj
e:\code\person_pose_estimation\caffe_rtpose-master\caffe_rtpose-master\build_1\src\caffe\caffe.dir\release\lstm_layer.obj
e:\code\person_pose_estimation\caffe_rtpose-master\caffe_rtpose-master\build_1\src\caffe\caffe.dir\release\lrn_layer.obj
e:\code\person_pose_estimation\caffe_rtpose-master\caffe_rtpose-master\build_1\src\caffe\caffe.dir\release\loss_layer.obj
e:\code\person_pose_estimation\caffe_rtpose-master\caffe_rtpose-master\build_1\src\caffe\caffe.dir\release\log_layer.obj
e:\code\person_pose_estimation\caffe_rtpose-master\caffe_rtpose-master\build_1\src\caffe\caffe.dir\release\input_layer.obj
e:\code\person_pose_estimation\caffe_rtpose-master\caffe_rtpose-master\build_1\src\caffe\caffe.dir\release\inner_product_layer.obj
e:\code\person_pose_estimation\caffe_rtpose-master\caffe_rtpose-master\build_1\src\caffe\caffe.dir\release\infogain_loss_layer.obj
e:\code\person_pose_estimation\caffe_rtpose-master\caffe_rtpose-master\build_1\src\caffe\caffe.dir\release\image_data_layer.obj
e:\code\person_pose_estimation\caffe_rtpose-master\caffe_rtpose-master\build_1\src\caffe\caffe.dir\release\im2col_layer.obj
e:\code\person_pose_estimation\caffe_rtpose-master\caffe_rtpose-master\build_1\src\caffe\caffe.dir\release\hinge_loss_layer.obj
e:\code\person_pose_estimation\caffe_rtpose-master\caffe_rtpose-master\build_1\src\caffe\caffe.dir\release\hdf5_output_layer.obj
e:\code\person_pose_estimation\caffe_rtpose-master\caffe_rtpose-master\build_1\src\caffe\caffe.dir\release\hdf5_data_layer.obj
e:\code\person_pose_estimation\caffe_rtpose-master\caffe_rtpose-master\build_1\src\caffe\caffe.dir\release\flatten_layer.obj
e:\code\person_pose_estimation\caffe_rtpose-master\caffe_rtpose-master\build_1\src\caffe\caffe.dir\release\filter_layer.obj
e:\code\person_pose_estimation\caffe_rtpose-master\caffe_rtpose-master\build_1\src\caffe\caffe.dir\release\threshold_layer.obj
e:\code\person_pose_estimation\caffe_rtpose-master\caffe_rtpose-master\build_1\src\caffe\caffe.dir\release\tanh_layer.obj
e:\code\person_pose_estimation\caffe_rtpose-master\caffe_rtpose-master\build_1\src\caffe\caffe.dir\release\spp_layer.obj
e:\code\person_pose_estimation\caffe_rtpose-master\caffe_rtpose-master\build_1\src\caffe\caffe.dir\release\split_layer.obj
e:\code\person_pose_estimation\caffe_rtpose-master\caffe_rtpose-master\build_1\src\caffe\caffe.dir\release\softmax_loss_layer.obj
e:\code\person_pose_estimation\caffe_rtpose-master\caffe_rtpose-master\build_1\src\caffe\caffe.dir\release\softmax_layer.obj
e:\code\person_pose_estimation\caffe_rtpose-master\caffe_rtpose-master\build_1\src\caffe\caffe.dir\release\slice_layer.obj
e:\code\person_pose_estimation\caffe_rtpose-master\caffe_rtpose-master\build_1\src\caffe\caffe.dir\release\silence_layer.obj
e:\code\person_pose_estimation\caffe_rtpose-master\caffe_rtpose-master\build_1\src\caffe\caffe.dir\release\sigmoid_layer.obj
e:\code\person_pose_estimation\caffe_rtpose-master\caffe_rtpose-master\build_1\src\caffe\caffe.dir\release\sigmoid_cross_entropy_loss_layer.obj
e:\code\person_pose_estimation\caffe_rtpose-master\caffe_rtpose-master\build_1\src\caffe\caffe.dir\release\scale_layer.obj
e:\code\person_pose_estimation\caffe_rtpose-master\caffe_rtpose-master\build_1\src\caffe\caffe.dir\release\rnn_layer.obj
e:\code\person_pose_estimation\caffe_rtpose-master\caffe_rtpose-master\build_1\src\caffe\caffe.dir\release\reshape_layer.obj
e:\code\person_pose_estimation\caffe_rtpose-master\caffe_rtpose-master\build_1\src\caffe\caffe.dir\release\relu_layer.obj
e:\code\person_pose_estimation\caffe_rtpose-master\caffe_rtpose-master\build_1\src\caffe\caffe.dir\release\reduction_layer.obj
e:\code\person_pose_estimation\caffe_rtpose-master\caffe_rtpose-master\build_1\src\caffe\caffe.dir\release\recurrent_layer.obj
e:\code\person_pose_estimation\caffe_rtpose-master\caffe_rtpose-master\build_1\src\caffe\caffe.dir\release\prelu_layer.obj
e:\code\person_pose_estimation\caffe_rtpose-master\caffe_rtpose-master\build_1\src\caffe\caffe.dir\release\power_layer.obj
e:\code\person_pose_estimation\caffe_rtpose-master\caffe_rtpose-master\build_1\src\caffe\caffe.dir\release\pooling_layer.obj
e:\code\person_pose_estimation\caffe_rtpose-master\caffe_rtpose-master\build_1\src\caffe\caffe.dir\release\parameter_layer.obj
e:\code\person_pose_estimation\caffe_rtpose-master\caffe_rtpose-master\build_1\src\caffe\caffe.dir\release\im2col.obj
e:\code\person_pose_estimation\caffe_rtpose-master\caffe_rtpose-master\build_1\src\caffe\caffe.dir\release\hdf5.obj
e:\code\person_pose_estimation\caffe_rtpose-master\caffe_rtpose-master\build_1\src\caffe\caffe.dir\release\db_lmdb.obj
e:\code\person_pose_estimation\caffe_rtpose-master\caffe_rtpose-master\build_1\src\caffe\caffe.dir\release\db_leveldb.obj
e:\code\person_pose_estimation\caffe_rtpose-master\caffe_rtpose-master\build_1\src\caffe\caffe.dir\release\db.obj
e:\code\person_pose_estimation\caffe_rtpose-master\caffe_rtpose-master\build_1\src\caffe\caffe.dir\release\cudnn.obj
e:\code\person_pose_estimation\caffe_rtpose-master\caffe_rtpose-master\build_1\src\caffe\caffe.dir\release\blocking_queue.obj
e:\code\person_pose_estimation\caffe_rtpose-master\caffe_rtpose-master\build_1\src\caffe\caffe.dir\release\benchmark.obj
e:\code\person_pose_estimation\caffe_rtpose-master\caffe_rtpose-master\build_1\src\caffe\caffe.dir\release\syncedmem.obj
e:\code\person_pose_estimation\caffe_rtpose-master\caffe_rtpose-master\build_1\src\caffe\caffe.dir\release\sgd_solver.obj
e:\code\person_pose_estimation\caffe_rtpose-master\caffe_rtpose-master\build_1\src\caffe\caffe.dir\release\rmsprop_solver.obj
e:\code\person_pose_estimation\caffe_rtpose-master\caffe_rtpose-master\build_1\src\caffe\caffe.dir\release\nesterov_solver.obj
e:\code\person_pose_estimation\caffe_rtpose-master\caffe_rtpose-master\build_1\src\caffe\caffe.dir\release\adam_solver.obj
e:\code\person_pose_estimation\caffe_rtpose-master\caffe_rtpose-master\build_1\src\caffe\caffe.dir\release\adagrad_solver.obj
e:\code\person_pose_estimation\caffe_rtpose-master\caffe_rtpose-master\build_1\src\caffe\caffe.dir\release\adadelta_solver.obj
e:\code\person_pose_estimation\caffe_rtpose-master\caffe_rtpose-master\build_1\src\caffe\caffe.dir\release\solver.obj
e:\code\person_pose_estimation\caffe_rtpose-master\caffe_rtpose-master\build_1\src\caffe\caffe.dir\release\parallel.obj
e:\code\person_pose_estimation\caffe_rtpose-master\caffe_rtpose-master\build_1\src\caffe\caffe.dir\release\net.obj
e:\code\person_pose_estimation\caffe_rtpose-master\caffe_rtpose-master\build_1\src\caffe\caffe.dir\release\window_data_layer.obj
e:\code\person_pose_estimation\caffe_rtpose-master\caffe_rtpose-master\build_1\src\caffe\caffe.dir\release\tile_layer.obj
e:\code\person_pose_estimation\caffe_rtpose-master\caffe_rtpose-master\build_1\src\caffe\caffe.dir\release\upgrade_proto.obj
e:\code\person_pose_estimation\caffe_rtpose-master\caffe_rtpose-master\build_1\src\caffe\caffe.dir\release\signal_handler.obj
e:\code\person_pose_estimation\caffe_rtpose-master\caffe_rtpose-master\build_1\src\caffe\caffe.dir\release\io.obj
e:\code\person_pose_estimation\caffe_rtpose-master\caffe_rtpose-master\build_1\src\caffe\caffe.dir\release\insert_splits.obj
e:\code\person_pose_estimation\caffe_rtpose-master\caffe_rtpose-master\build_1\src\caffe\caffe.dir\release\cpm\util\math_functions.cpp.obj
e:\code\person_pose_estimation\caffe_rtpose-master\caffe_rtpose-master\build_1\src\caffe\caffe.dir\release\util\math_functions.cpp.obj
e:\code\person_pose_estimation\caffe_rtpose-master\caffe_rtpose-master\build_1\src\caffe\cmakefiles\generate.stamp
e:\code\person_pose_estimation\caffe_rtpose-master\caffe_rtpose-master\build_1\include\caffe\proto\caffe.pb.cc
e:\code\person_pose_estimation\caffe_rtpose-master\caffe_rtpose-master\build_1\include\caffe\proto\caffe.pb.h
e:\code\person_pose_estimation\caffe_rtpose-master\caffe_rtpose-master\build_1\include\caffe\proto\caffe_pb2.py
e:\code\person_pose_estimation\caffe_rtpose-master\caffe_rtpose-master\build_1\src\caffe\cmakefiles\cuda_compile_1.dir\cpm\layers\release\cuda_compile_1_generated_imresize_layer.cu.obj
e:\code\person_pose_estimation\caffe_rtpose-master\caffe_rtpose-master\build_1\src\caffe\cmakefiles\cuda_compile_1.dir\cpm\layers\release\cuda_compile_1_generated_nms_layer.cu.obj
e:\code\person_pose_estimation\caffe_rtpose-master\caffe_rtpose-master\build_1\src\caffe\cmakefiles\cuda_compile_1.dir\cpm\util\release\cuda_compile_1_generated_math_functions.cu.obj
e:\code\person_pose_estimation\caffe_rtpose-master\caffe_rtpose-master\build_1\src\caffe\cmakefiles\cuda_compile_1.dir\layers\release\cuda_compile_1_generated_absval_layer.cu.obj
e:\code\person_pose_estimation\caffe_rtpose-master\caffe_rtpose-master\build_1\src\caffe\cmakefiles\cuda_compile_1.dir\layers\release\cuda_compile_1_generated_base_data_layer.cu.obj
e:\code\person_pose_estimation\caffe_rtpose-master\caffe_rtpose-master\build_1\src\caffe\cmakefiles\cuda_compile_1.dir\layers\release\cuda_compile_1_generated_batch_norm_layer.cu.obj
e:\code\person_pose_estimation\caffe_rtpose-master\caffe_rtpose-master\build_1\src\caffe\cmakefiles\cuda_compile_1.dir\layers\release\cuda_compile_1_generated_batch_reindex_layer.cu.obj
e:\code\person_pose_estimation\caffe_rtpose-master\caffe_rtpose-master\build_1\src\caffe\cmakefiles\cuda_compile_1.dir\layers\release\cuda_compile_1_generated_bias_layer.cu.obj
e:\code\person_pose_estimation\caffe_rtpose-master\caffe_rtpose-master\build_1\src\caffe\cmakefiles\cuda_compile_1.dir\layers\release\cuda_compile_1_generated_bnll_layer.cu.obj
e:\code\person_pose_estimation\caffe_rtpose-master\caffe_rtpose-master\build_1\src\caffe\cmakefiles\cuda_compile_1.dir\layers\release\cuda_compile_1_generated_concat_layer.cu.obj
e:\code\person_pose_estimation\caffe_rtpose-master\caffe_rtpose-master\build_1\src\caffe\cmakefiles\cuda_compile_1.dir\layers\release\cuda_compile_1_generated_contrastive_loss_layer.cu.obj
e:\code\person_pose_estimation\caffe_rtpose-master\caffe_rtpose-master\build_1\src\caffe\cmakefiles\cuda_compile_1.dir\layers\release\cuda_compile_1_generated_conv_layer.cu.obj
e:\code\person_pose_estimation\caffe_rtpose-master\caffe_rtpose-master\build_1\src\caffe\cmakefiles\cuda_compile_1.dir\layers\release\cuda_compile_1_generated_crop_layer.cu.obj
e:\code\person_pose_estimation\caffe_rtpose-master\caffe_rtpose-master\build_1\src\caffe\cmakefiles\cuda_compile_1.dir\layers\release\cuda_compile_1_generated_cudnn_conv_layer.cu.obj
e:\code\person_pose_estimation\caffe_rtpose-master\caffe_rtpose-master\build_1\src\caffe\cmakefiles\cuda_compile_1.dir\layers\release\cuda_compile_1_generated_cudnn_lcn_layer.cu.obj
e:\code\person_pose_estimation\caffe_rtpose-master\caffe_rtpose-master\build_1\src\caffe\cmakefiles\cuda_compile_1.dir\layers\release\cuda_compile_1_generated_cudnn_lrn_layer.cu.obj
e:\code\person_pose_estimation\caffe_rtpose-master\caffe_rtpose-master\build_1\src\caffe\cmakefiles\cuda_compile_1.dir\layers\release\cuda_compile_1_generated_cudnn_pooling_layer.cu.obj
e:\code\person_pose_estimation\caffe_rtpose-master\caffe_rtpose-master\build_1\src\caffe\cmakefiles\cuda_compile_1.dir\layers\release\cuda_compile_1_generated_cudnn_relu_layer.cu.obj
e:\code\person_pose_estimation\caffe_rtpose-master\caffe_rtpose-master\build_1\src\caffe\cmakefiles\cuda_compile_1.dir\layers\release\cuda_compile_1_generated_cudnn_sigmoid_layer.cu.obj
e:\code\person_pose_estimation\caffe_rtpose-master\caffe_rtpose-master\build_1\src\caffe\cmakefiles\cuda_compile_1.dir\layers\release\cuda_compile_1_generated_cudnn_softmax_layer.cu.obj
e:\code\person_pose_estimation\caffe_rtpose-master\caffe_rtpose-master\build_1\src\caffe\cmakefiles\cuda_compile_1.dir\layers\release\cuda_compile_1_generated_cudnn_tanh_layer.cu.obj
e:\code\person_pose_estimation\caffe_rtpose-master\caffe_rtpose-master\build_1\src\caffe\cmakefiles\cuda_compile_1.dir\layers\release\cuda_compile_1_generated_deconv_layer.cu.obj
e:\code\person_pose_estimation\caffe_rtpose-master\caffe_rtpose-master\build_1\src\caffe\cmakefiles\cuda_compile_1.dir\layers\release\cuda_compile_1_generated_dropout_layer.cu.obj
e:\code\person_pose_estimation\caffe_rtpose-master\caffe_rtpose-master\build_1\src\caffe\cmakefiles\cuda_compile_1.dir\layers\release\cuda_compile_1_generated_eltwise_layer.cu.obj
e:\code\person_pose_estimation\caffe_rtpose-master\caffe_rtpose-master\build_1\src\caffe\cmakefiles\cuda_compile_1.dir\layers\release\cuda_compile_1_generated_elu_layer.cu.obj
e:\code\person_pose_estimation\caffe_rtpose-master\caffe_rtpose-master\build_1\src\caffe\cmakefiles\cuda_compile_1.dir\layers\release\cuda_compile_1_generated_embed_layer.cu.obj
e:\code\person_pose_estimation\caffe_rtpose-master\caffe_rtpose-master\build_1\src\caffe\cmakefiles\cuda_compile_1.dir\layers\release\cuda_compile_1_generated_euclidean_loss_layer.cu.obj
e:\code\person_pose_estimation\caffe_rtpose-master\caffe_rtpose-master\build_1\src\caffe\cmakefiles\cuda_compile_1.dir\layers\release\cuda_compile_1_generated_euclideanmask_loss_layer.cu.obj
e:\code\person_pose_estimation\caffe_rtpose-master\caffe_rtpose-master\build_1\src\caffe\cmakefiles\cuda_compile_1.dir\layers\release\cuda_compile_1_generated_exp_layer.cu.obj
e:\code\person_pose_estimation\caffe_rtpose-master\caffe_rtpose-master\build_1\src\caffe\cmakefiles\cuda_compile_1.dir\layers\release\cuda_compile_1_generated_filter_layer.cu.obj
e:\code\person_pose_estimation\caffe_rtpose-master\caffe_rtpose-master\build_1\src\caffe\cmakefiles\cuda_compile_1.dir\layers\release\cuda_compile_1_generated_hdf5_data_layer.cu.obj
e:\code\person_pose_estimation\caffe_rtpose-master\caffe_rtpose-master\build_1\src\caffe\cmakefiles\cuda_compile_1.dir\layers\release\cuda_compile_1_generated_hdf5_output_layer.cu.obj
e:\code\person_pose_estimation\caffe_rtpose-master\caffe_rtpose-master\build_1\src\caffe\cmakefiles\cuda_compile_1.dir\layers\release\cuda_compile_1_generated_im2col_layer.cu.obj
e:\code\person_pose_estimation\caffe_rtpose-master\caffe_rtpose-master\build_1\src\caffe\cmakefiles\cuda_compile_1.dir\layers\release\cuda_compile_1_generated_inner_product_layer.cu.obj
e:\code\person_pose_estimation\caffe_rtpose-master\caffe_rtpose-master\build_1\src\caffe\cmakefiles\cuda_compile_1.dir\layers\release\cuda_compile_1_generated_log_layer.cu.obj
e:\code\person_pose_estimation\caffe_rtpose-master\caffe_rtpose-master\build_1\src\caffe\cmakefiles\cuda_compile_1.dir\layers\release\cuda_compile_1_generated_lrn_layer.cu.obj
e:\code\person_pose_estimation\caffe_rtpose-master\caffe_rtpose-master\build_1\src\caffe\cmakefiles\cuda_compile_1.dir\layers\release\cuda_compile_1_generated_lstm_unit_layer.cu.obj
e:\code\person_pose_estimation\caffe_rtpose-master\caffe_rtpose-master\build_1\src\caffe\cmakefiles\cuda_compile_1.dir\layers\release\cuda_compile_1_generated_maximum_layer.cu.obj
e:\code\person_pose_estimation\caffe_rtpose-master\caffe_rtpose-master\build_1\src\caffe\cmakefiles\cuda_compile_1.dir\layers\release\cuda_compile_1_generated_mvn_layer.cu.obj
e:\code\person_pose_estimation\caffe_rtpose-master\caffe_rtpose-master\build_1\src\caffe\cmakefiles\cuda_compile_1.dir\layers\release\cuda_compile_1_generated_pooling_layer.cu.obj
e:\code\person_pose_estimation\caffe_rtpose-master\caffe_rtpose-master\build_1\src\caffe\cmakefiles\cuda_compile_1.dir\layers\release\cuda_compile_1_generated_power_layer.cu.obj
e:\code\person_pose_estimation\caffe_rtpose-master\caffe_rtpose-master\build_1\src\caffe\cmakefiles\cuda_compile_1.dir\layers\release\cuda_compile_1_generated_prelu_layer.cu.obj
e:\code\person_pose_estimation\caffe_rtpose-master\caffe_rtpose-master\build_1\src\caffe\cmakefiles\cuda_compile_1.dir\layers\release\cuda_compile_1_generated_recurrent_layer.cu.obj
e:\code\person_pose_estimation\caffe_rtpose-master\caffe_rtpose-master\build_1\src\caffe\cmakefiles\cuda_compile_1.dir\layers\release\cuda_compile_1_generated_reduction_layer.cu.obj
e:\code\person_pose_estimation\caffe_rtpose-master\caffe_rtpose-master\build_1\src\caffe\cmakefiles\cuda_compile_1.dir\layers\release\cuda_compile_1_generated_relu_layer.cu.obj
e:\code\person_pose_estimation\caffe_rtpose-master\caffe_rtpose-master\build_1\src\caffe\cmakefiles\cuda_compile_1.dir\layers\release\cuda_compile_1_generated_scale_layer.cu.obj
e:\code\person_pose_estimation\caffe_rtpose-master\caffe_rtpose-master\build_1\src\caffe\cmakefiles\cuda_compile_1.dir\layers\release\cuda_compile_1_generated_sigmoid_cross_entropy_loss_layer.cu.obj
e:\code\person_pose_estimation\caffe_rtpose-master\caffe_rtpose-master\build_1\src\caffe\cmakefiles\cuda_compile_1.dir\layers\release\cuda_compile_1_generated_sigmoid_layer.cu.obj
e:\code\person_pose_estimation\caffe_rtpose-master\caffe_rtpose-master\build_1\src\caffe\cmakefiles\cuda_compile_1.dir\layers\release\cuda_compile_1_generated_silence_layer.cu.obj
e:\code\person_pose_estimation\caffe_rtpose-master\caffe_rtpose-master\build_1\src\caffe\cmakefiles\cuda_compile_1.dir\layers\release\cuda_compile_1_generated_slice_layer.cu.obj
e:\code\person_pose_estimation\caffe_rtpose-master\caffe_rtpose-master\build_1\src\caffe\cmakefiles\cuda_compile_1.dir\layers\release\cuda_compile_1_generated_softmax_layer.cu.obj
e:\code\person_pose_estimation\caffe_rtpose-master\caffe_rtpose-master\build_1\src\caffe\cmakefiles\cuda_compile_1.dir\layers\release\cuda_compile_1_generated_softmax_loss_layer.cu.obj
e:\code\person_pose_estimation\caffe_rtpose-master\caffe_rtpose-master\build_1\src\caffe\cmakefiles\cuda_compile_1.dir\layers\release\cuda_compile_1_generated_split_layer.cu.obj
e:\code\person_pose_estimation\caffe_rtpose-master\caffe_rtpose-master\build_1\src\caffe\cmakefiles\cuda_compile_1.dir\layers\release\cuda_compile_1_generated_tanh_layer.cu.obj
e:\code\person_pose_estimation\caffe_rtpose-master\caffe_rtpose-master\build_1\src\caffe\cmakefiles\cuda_compile_1.dir\layers\release\cuda_compile_1_generated_threshold_layer.cu.obj
e:\code\person_pose_estimation\caffe_rtpose-master\caffe_rtpose-master\build_1\src\caffe\cmakefiles\cuda_compile_1.dir\layers\release\cuda_compile_1_generated_tile_layer.cu.obj
e:\code\person_pose_estimation\caffe_rtpose-master\caffe_rtpose-master\build_1\src\caffe\cmakefiles\cuda_compile_1.dir\solvers\release\cuda_compile_1_generated_adadelta_solver.cu.obj
e:\code\person_pose_estimation\caffe_rtpose-master\caffe_rtpose-master\build_1\src\caffe\cmakefiles\cuda_compile_1.dir\solvers\release\cuda_compile_1_generated_adagrad_solver.cu.obj
e:\code\person_pose_estimation\caffe_rtpose-master\caffe_rtpose-master\build_1\src\caffe\cmakefiles\cuda_compile_1.dir\solvers\release\cuda_compile_1_generated_adam_solver.cu.obj
e:\code\person_pose_estimation\caffe_rtpose-master\caffe_rtpose-master\build_1\src\caffe\cmakefiles\cuda_compile_1.dir\solvers\release\cuda_compile_1_generated_nesterov_solver.cu.obj
e:\code\person_pose_estimation\caffe_rtpose-master\caffe_rtpose-master\build_1\src\caffe\cmakefiles\cuda_compile_1.dir\solvers\release\cuda_compile_1_generated_rmsprop_solver.cu.obj
e:\code\person_pose_estimation\caffe_rtpose-master\caffe_rtpose-master\build_1\src\caffe\cmakefiles\cuda_compile_1.dir\solvers\release\cuda_compile_1_generated_sgd_solver.cu.obj
e:\code\person_pose_estimation\caffe_rtpose-master\caffe_rtpose-master\build_1\src\caffe\cmakefiles\cuda_compile_1.dir\util\release\cuda_compile_1_generated_im2col.cu.obj
e:\code\person_pose_estimation\caffe_rtpose-master\caffe_rtpose-master\build_1\src\caffe\cmakefiles\cuda_compile_1.dir\util\release\cuda_compile_1_generated_math_functions.cu.obj
e:\code\person_pose_estimation\caffe_rtpose-master\caffe_rtpose-master\build_1\src\caffe\caffe.dir\release\caffe.vcxprojresolveassemblyreference.cache
e:\code\person_pose_estimation\caffe_rtpose-master\caffe_rtpose-master\build_1\src\caffe\caffe.dir\release\caffe.tlog\cl.command.1.tlog
e:\code\person_pose_estimation\caffe_rtpose-master\caffe_rtpose-master\build_1\src\caffe\caffe.dir\release\caffe.tlog\cl.read.1.tlog
e:\code\person_pose_estimation\caffe_rtpose-master\caffe_rtpose-master\build_1\src\caffe\caffe.dir\release\caffe.tlog\cl.write.1.tlog
e:\code\person_pose_estimation\caffe_rtpose-master\caffe_rtpose-master\build_1\src\caffe\caffe.dir\release\caffe.tlog\custombuild.command.1.tlog
e:\code\person_pose_estimation\caffe_rtpose-master\caffe_rtpose-master\build_1\src\caffe\caffe.dir\release\caffe.tlog\custombuild.read.1.tlog
e:\code\person_pose_estimation\caffe_rtpose-master\caffe_rtpose-master\build_1\src\caffe\caffe.dir\release\caffe.tlog\custombuild.write.1.tlog
e:\code\person_pose_estimation\caffe_rtpose-master\caffe_rtpose-master\build_1\src\caffe\caffe.dir\release\caffe.tlog\link.command.1.tlog
e:\code\person_pose_estimation\caffe_rtpose-master\caffe_rtpose-master\build_1\src\caffe\caffe.dir\release\caffe.tlog\link.read.1.tlog
e:\code\person_pose_estimation\caffe_rtpose-master\caffe_rtpose-master\build_1\src\caffe\caffe.dir\release\caffe.tlog\link.write.1.tlog
