  Building Custom Rule E:/code/person_pose_estimation/caffe_rtpose-master/caffe_rtpose-master/tools/CMakeLists.txt
  CMake does not need to re-run because E:/code/person_pose_estimation/caffe_rtpose-master/caffe_rtpose-master/build_1/tools/CMakeFiles/generate.stamp is up-to-date.
  extract_features.cpp
C:\Users\HX\.caffe\dependencies\libraries_v140_x64_py35_1.1.0\libraries\include\google/protobuf/message_lite.h(247): warning C4267: “return”: 从“size_t”转换到“int”，可能丢失数据
E:\code\person_pose_estimation\caffe_rtpose-master\caffe_rtpose-master\include\caffe/util/io.hpp(49): warning C4244: “参数”: 从“uint64_t”转换到“int”，可能丢失数据
E:\code\person_pose_estimation\caffe_rtpose-master\caffe_rtpose-master\include\caffe/blob.hpp(74): warning C4267: “return”: 从“size_t”转换到“int”，可能丢失数据
  E:\code\person_pose_estimation\caffe_rtpose-master\caffe_rtpose-master\include\caffe/blob.hpp(74): note: 编译类 模板 成员函数“int caffe::Blob<Dtype>::num_axes(void) const”时
          with
          [
              Dtype=float
          ]
  E:\code\person_pose_estimation\caffe_rtpose-master\caffe_rtpose-master\include\caffe/blob.hpp(140): note: 参见对正在编译的函数 模板 实例化“int caffe::Blob<Dtype>::num_axes(void) const”的引用
          with
          [
              Dtype=float
          ]
  E:\code\person_pose_estimation\caffe_rtpose-master\caffe_rtpose-master\tools\extract_features.cpp(142): note: 参见对正在编译的类 模板 实例化“caffe::Blob<Dtype>”的引用
          with
          [
              Dtype=float
          ]
  E:\code\person_pose_estimation\caffe_rtpose-master\caffe_rtpose-master\tools\extract_features.cpp(26): note: 参见对正在编译的函数 模板 实例化“int feature_extraction_pipeline<float>(int,char **)”的引用
LINK : fatal error LNK1181: 无法打开输入文件“..\lib\Release\caffe.lib”
