  Building Custom Rule E:/code/person_pose_estimation/caffe_rtpose-master/caffe_rtpose-master/CMakeLists.txt
  CMake does not need to re-run because E:/code/person_pose_estimation/caffe_rtpose-master/caffe_rtpose-master/build_3/CMakeFiles/generate.stamp is up-to-date.
  Creating directories for 'gflags'
  Performing download step (git clone) for 'gflags'
  -- gflags download command succeeded.  See also E:/code/person_pose_estimation/caffe_rtpose-master/caffe_rtpose-master/build_3/external/gflags-prefix/src/gflags-stamp/gflags-download-*.log
  No update step for 'gflags'
  No patch step for 'gflags'
  Performing configure step for 'gflags'
  -- Configuring done
  -- Generating done
  -- Build files have been written to: E:/code/person_pose_estimation/caffe_rtpose-master/caffe_rtpose-master/build_3/external/gflags-prefix/src/gflags-build
  Performing build step for 'gflags'
  Microsoft (R) 生成引擎版本 14.0.25420.1
  版权所有(C) Microsoft Corporation。保留所有权利。
  
  生成启动时间为 2017/5/18 13:38:03。
  节点 1 上的项目“E:\code\person_pose_estimation\caffe_rtpose-master\caffe_rtpose-master\build_3\external\gflags-prefix\src\gflags-build\ALL_BUILD.vcxproj”(默认目标)。
  项目“E:\code\person_pose_estimation\caffe_rtpose-master\caffe_rtpose-master\build_3\external\gflags-prefix\src\gflags-build\ALL_BUILD.vcxproj”(1)正在节点 1 上生成“E:\code\person_pose_estimation\caffe_rtpose-master\caffe_rtpose-master\build_3\external\gflags-prefix\src\gflags-build\ZERO_CHECK.vcxproj”(2) (默认目标)。
  InitializeBuildStatus:
    正在创建“x64\Debug\ZERO_CHECK\ZERO_CHECK.tlog\unsuccessfulbuild”，因为已指定“AlwaysCreate”。
  CustomBuild:
    所有输出均为最新。
  FinalizeBuildStatus:
    正在删除文件“x64\Debug\ZERO_CHECK\ZERO_CHECK.tlog\unsuccessfulbuild”。
    正在对“x64\Debug\ZERO_CHECK\ZERO_CHECK.tlog\ZERO_CHECK.lastbuildstate”执行 Touch 任务。
  已完成生成项目“E:\code\person_pose_estimation\caffe_rtpose-master\caffe_rtpose-master\build_3\external\gflags-prefix\src\gflags-build\ZERO_CHECK.vcxproj”(默认目标)的操作。
  项目“E:\code\person_pose_estimation\caffe_rtpose-master\caffe_rtpose-master\build_3\external\gflags-prefix\src\gflags-build\ALL_BUILD.vcxproj”(1)正在节点 1 上生成“E:\code\person_pose_estimation\caffe_rtpose-master\caffe_rtpose-master\build_3\external\gflags-prefix\src\gflags-build\gflags-static.vcxproj”(3) (默认目标)。
  InitializeBuildStatus:
    正在对“gflags-static.dir\Debug\gflags-static.tlog\unsuccessfulbuild”执行 Touch 任务。
  CustomBuild:
    所有输出均为最新。
  ClCompile:
    C:\Program Files (x86)\Microsoft Visual Studio 14.0\VC\bin\x86_amd64\CL.exe /c /I"E:\code\person_pose_estimation\caffe_rtpose-master\caffe_rtpose-master\build_3\external\gflags-prefix\src\gflags\src" /I"E:\code\person_pose_estimation\caffe_rtpose-master\caffe_rtpose-master\build_3\external\gflags-prefix\src\gflags-build\include" /I"E:\code\person_pose_estimation\caffe_rtpose-master\caffe_rtpose-master\build_3\external\gflags-prefix\src\gflags-build\include\gflags" /Zi /nologo /W3 /WX- /Od /Ob0 /D WIN32 /D _WINDOWS /D GFLAGS_IS_A_DLL=0 /D "CMAKE_INTDIR=\"Debug\"" /D _MBCS /Gm- /EHsc /RTC1 /MDd /GS /fp:precise /Zc:wchar_t /Zc:forScope /Zc:inline /GR /Fo"gflags-static.dir\Debug\\" /Fd"gflags-static.dir\Debug\gflags-static.pdb" /Gd /TP /errorReport:queue "E:\code\person_pose_estimation\caffe_rtpose-master\caffe_rtpose-master\build_3\external\gflags-prefix\src\gflags\src\windows_port.cc"
    windows_port.cc
e:\code\person_pose_estimation\caffe_rtpose-master\caffe_rtpose-master\build_3\external\gflags-prefix\src\gflags\src\windows_port.h(71): warning C4005: “va_copy”: 宏重定义 [E:\code\person_pose_estimation\caffe_rtpose-master\caffe_rtpose-master\build_3\external\gflags-prefix\src\gflags-build\gflags-static.vcxproj]
    C:\Program Files (x86)\Microsoft Visual Studio 14.0\VC\include\stdarg.h(20): note: 参见“va_copy”的前一个定义
E:\code\person_pose_estimation\caffe_rtpose-master\caffe_rtpose-master\build_3\external\gflags-prefix\src\gflags\src\windows_port.cc(62): error C2084: 函数“int snprintf(char *const ,const std::size_t,const char *const ,...)”已有主体 [E:\code\person_pose_estimation\caffe_rtpose-master\caffe_rtpose-master\build_3\external\gflags-prefix\src\gflags-build\gflags-static.vcxproj]
    C:\Program Files (x86)\Windows Kits\10\Include\10.0.10240.0\ucrt\stdio.h(1932): note: 参见“snprintf”的前一个定义
  已完成生成项目“E:\code\person_pose_estimation\caffe_rtpose-master\caffe_rtpose-master\build_3\external\gflags-prefix\src\gflags-build\gflags-static.vcxproj”(默认目标)的操作 - 失败。
  项目“E:\code\person_pose_estimation\caffe_rtpose-master\caffe_rtpose-master\build_3\external\gflags-prefix\src\gflags-build\ALL_BUILD.vcxproj”(1)正在节点 1 上生成“E:\code\person_pose_estimation\caffe_rtpose-master\caffe_rtpose-master\build_3\external\gflags-prefix\src\gflags-build\gflags_nothreads-static.vcxproj”(4) (默认目标)。
  InitializeBuildStatus:
    正在对“gflags_nothreads-static.dir\Debug\gflags_n.D76959F6.tlog\unsuccessfulbuild”执行 Touch 任务。
  CustomBuild:
    所有输出均为最新。
  ClCompile:
    C:\Program Files (x86)\Microsoft Visual Studio 14.0\VC\bin\x86_amd64\CL.exe /c /I"E:\code\person_pose_estimation\caffe_rtpose-master\caffe_rtpose-master\build_3\external\gflags-prefix\src\gflags\src" /I"E:\code\person_pose_estimation\caffe_rtpose-master\caffe_rtpose-master\build_3\external\gflags-prefix\src\gflags-build\include" /I"E:\code\person_pose_estimation\caffe_rtpose-master\caffe_rtpose-master\build_3\external\gflags-prefix\src\gflags-build\include\gflags" /Zi /nologo /W3 /WX- /Od /Ob0 /D WIN32 /D _WINDOWS /D GFLAGS_IS_A_DLL=0 /D NOTHREADS /D "CMAKE_INTDIR=\"Debug\"" /D _MBCS /Gm- /EHsc /RTC1 /MDd /GS /fp:precise /Zc:wchar_t /Zc:forScope /Zc:inline /GR /Fo"gflags_nothreads-static.dir\Debug\\" /Fd"gflags_nothreads-static.dir\Debug\gflags_nothreads-static.pdb" /Gd /TP /errorReport:queue "E:\code\person_pose_estimation\caffe_rtpose-master\caffe_rtpose-master\build_3\external\gflags-prefix\src\gflags\src\windows_port.cc"
    windows_port.cc
e:\code\person_pose_estimation\caffe_rtpose-master\caffe_rtpose-master\build_3\external\gflags-prefix\src\gflags\src\windows_port.h(71): warning C4005: “va_copy”: 宏重定义 [E:\code\person_pose_estimation\caffe_rtpose-master\caffe_rtpose-master\build_3\external\gflags-prefix\src\gflags-build\gflags_nothreads-static.vcxproj]
    C:\Program Files (x86)\Microsoft Visual Studio 14.0\VC\include\stdarg.h(20): note: 参见“va_copy”的前一个定义
E:\code\person_pose_estimation\caffe_rtpose-master\caffe_rtpose-master\build_3\external\gflags-prefix\src\gflags\src\windows_port.cc(62): error C2084: 函数“int snprintf(char *const ,const std::size_t,const char *const ,...)”已有主体 [E:\code\person_pose_estimation\caffe_rtpose-master\caffe_rtpose-master\build_3\external\gflags-prefix\src\gflags-build\gflags_nothreads-static.vcxproj]
    C:\Program Files (x86)\Windows Kits\10\Include\10.0.10240.0\ucrt\stdio.h(1932): note: 参见“snprintf”的前一个定义
  已完成生成项目“E:\code\person_pose_estimation\caffe_rtpose-master\caffe_rtpose-master\build_3\external\gflags-prefix\src\gflags-build\gflags_nothreads-static.vcxproj”(默认目标)的操作 - 失败。
  已完成生成项目“E:\code\person_pose_estimation\caffe_rtpose-master\caffe_rtpose-master\build_3\external\gflags-prefix\src\gflags-build\ALL_BUILD.vcxproj”(默认目标)的操作 - 失败。
  
  生成失败。
  
  “E:\code\person_pose_estimation\caffe_rtpose-master\caffe_rtpose-master\build_3\external\gflags-prefix\src\gflags-build\ALL_BUILD.vcxproj”(默认目标) (1) ->
  “E:\code\person_pose_estimation\caffe_rtpose-master\caffe_rtpose-master\build_3\external\gflags-prefix\src\gflags-build\gflags-static.vcxproj”(默认目标) (3) ->
  (ClCompile 目标) -> 
e:\code\person_pose_estimation\caffe_rtpose-master\caffe_rtpose-master\build_3\external\gflags-prefix\src\gflags\src\windows_port.h(71): warning C4005: “va_copy”: 宏重定义 [E:\code\person_pose_estimation\caffe_rtpose-master\caffe_rtpose-master\build_3\external\gflags-prefix\src\gflags-build\gflags-static.vcxproj]
  
  
  “E:\code\person_pose_estimation\caffe_rtpose-master\caffe_rtpose-master\build_3\external\gflags-prefix\src\gflags-build\ALL_BUILD.vcxproj”(默认目标) (1) ->
  “E:\code\person_pose_estimation\caffe_rtpose-master\caffe_rtpose-master\build_3\external\gflags-prefix\src\gflags-build\gflags_nothreads-static.vcxproj”(默认目标) (4) ->
e:\code\person_pose_estimation\caffe_rtpose-master\caffe_rtpose-master\build_3\external\gflags-prefix\src\gflags\src\windows_port.h(71): warning C4005: “va_copy”: 宏重定义 [E:\code\person_pose_estimation\caffe_rtpose-master\caffe_rtpose-master\build_3\external\gflags-prefix\src\gflags-build\gflags_nothreads-static.vcxproj]
  
  
  “E:\code\person_pose_estimation\caffe_rtpose-master\caffe_rtpose-master\build_3\external\gflags-prefix\src\gflags-build\ALL_BUILD.vcxproj”(默认目标) (1) ->
  “E:\code\person_pose_estimation\caffe_rtpose-master\caffe_rtpose-master\build_3\external\gflags-prefix\src\gflags-build\gflags-static.vcxproj”(默认目标) (3) ->
  (ClCompile 目标) -> 
E:\code\person_pose_estimation\caffe_rtpose-master\caffe_rtpose-master\build_3\external\gflags-prefix\src\gflags\src\windows_port.cc(62): error C2084: 函数“int snprintf(char *const ,const std::size_t,const char *const ,...)”已有主体 [E:\code\person_pose_estimation\caffe_rtpose-master\caffe_rtpose-master\build_3\external\gflags-prefix\src\gflags-build\gflags-static.vcxproj]
  
  
  “E:\code\person_pose_estimation\caffe_rtpose-master\caffe_rtpose-master\build_3\external\gflags-prefix\src\gflags-build\ALL_BUILD.vcxproj”(默认目标) (1) ->
  “E:\code\person_pose_estimation\caffe_rtpose-master\caffe_rtpose-master\build_3\external\gflags-prefix\src\gflags-build\gflags_nothreads-static.vcxproj”(默认目标) (4) ->
E:\code\person_pose_estimation\caffe_rtpose-master\caffe_rtpose-master\build_3\external\gflags-prefix\src\gflags\src\windows_port.cc(62): error C2084: 函数“int snprintf(char *const ,const std::size_t,const char *const ,...)”已有主体 [E:\code\person_pose_estimation\caffe_rtpose-master\caffe_rtpose-master\build_3\external\gflags-prefix\src\gflags-build\gflags_nothreads-static.vcxproj]
  
      2 个警告
      2 个错误
  
  已用时间 00:00:01.04
